# JRE version: OpenJDK Runtime Environment (11.0.1+13) (build 11.0.1+13)
# Java VM: OpenJDK 64-Bit Server VM (11.0.1+13, mixed mode, tiered, compressed oops, g1 gc, linux-amd64)
Heap:
 garbage-first heap   total 492544K, used 78848K [0x000000077aa00000, 0x0000000800000000)
  region size 1024K, 13 young (13312K), 13 survivors (13312K)
 Metaspace       used 77108K, capacity 78624K, committed 78940K, reserved 1120256K
  class space    used 8235K, capacity 8871K, committed 8960K, reserved 1048576K
GC Heap History (10 events):
Event: 10.290 GC heap after
{Heap after GC invocations=17 (full 0):
 garbage-first heap   total 250880K, used 43055K [0x000000077aa00000, 0x0000000800000000)
  region size 1024K, 15 young (15360K), 15 survivors (15360K)
 Metaspace       used 67664K, capacity 68910K, committed 69212K, reserved 1112064K
  class space    used 7145K, capacity 7654K, committed 7680K, reserved 1048576K
}
Event: 12.015 GC heap before
{Heap before GC invocations=17 (full 0):
 garbage-first heap   total 250880K, used 177199K [0x000000077aa00000, 0x0000000800000000)
  region size 1024K, 147 young (150528K), 15 survivors (15360K)
 Metaspace       used 69106K, capacity 70340K, committed 70492K, reserved 1112064K
  class space    used 7303K, capacity 7823K, committed 7936K, reserved 1048576K
}
Event: 12.099 GC heap after
{Heap after GC invocations=18 (full 0):
 garbage-first heap   total 332800K, used 49915K [0x000000077aa00000, 0x0000000800000000)
  region size 1024K, 16 young (16384K), 16 survivors (16384K)
 Metaspace       used 69106K, capacity 70340K, committed 70492K, reserved 1112064K
  class space    used 7303K, capacity 7823K, committed 7936K, reserved 1048576K
}
Event: 16.311 GC heap before
{Heap before GC invocations=18 (full 0):
 garbage-first heap   total 332800K, used 232187K [0x000000077aa00000, 0x0000000800000000)
  region size 1024K, 195 young (199680K), 16 survivors (16384K)
 Metaspace       used 72964K, capacity 74401K, committed 74716K, reserved 1116160K
  class space    used 7872K, capacity 8462K, committed 8576K, reserved 1048576K
}
Event: 16.727 GC heap after
{Heap after GC invocations=19 (full 0):
 garbage-first heap   total 332800K, used 58495K [0x000000077aa00000, 0x0000000800000000)
  region size 1024K, 15 young (15360K), 15 survivors (15360K)
 Metaspace       used 72964K, capacity 74401K, committed 74716K, reserved 1116160K
  class space    used 7872K, capacity 8462K, committed 8576K, reserved 1048576K
}
Event: 22.737 GC heap before
{Heap before GC invocations=19 (full 0):
 garbage-first heap   total 332800K, used 241791K [0x000000077aa00000, 0x0000000800000000)
  region size 1024K, 195 young (199680K), 15 survivors (15360K)
 Metaspace       used 73842K, capacity 75222K, committed 75484K, reserved 1116160K
  class space    used 7942K, capacity 8532K, committed 8576K, reserved 1048576K
}
Event: 23.071 GC heap after
{Heap after GC invocations=20 (full 0):
 garbage-first heap   total 332800K, used 65918K [0x000000077aa00000, 0x0000000800000000)
  region size 1024K, 16 young (16384K), 16 survivors (16384K)
 Metaspace       used 73842K, capacity 75222K, committed 75484K, reserved 1116160K
  class space    used 7942K, capacity 8532K, committed 8576K, reserved 1048576K
}
Event: 33.303 GC heap before
{Heap before GC invocations=20 (full 0):
 garbage-first heap   total 332800K, used 248190K [0x000000077aa00000, 0x0000000800000000)
  region size 1024K, 195 young (199680K), 16 survivors (16384K)
 Metaspace       used 74162K, capacity 75616K, committed 75740K, reserved 1116160K
  class space    used 7949K, capacity 8533K, committed 8576K, reserved 1048576K
}
Event: 33.397 GC heap after
{Heap after GC invocations=21 (full 0):
 garbage-first heap   total 332800K, used 72458K [0x000000077aa00000, 0x0000000800000000)
  region size 1024K, 15 young (15360K), 15 survivors (15360K)
 Metaspace       used 74162K, capacity 75616K, committed 75740K, reserved 1116160K
  class space    used 7949K, capacity 8533K, committed 8576K, reserved 1048576K
}
Event: 111.299 GC heap before
{Heap before GC invocations=21 (full 0):
 garbage-first heap   total 332800K, used 255754K [0x000000077aa00000, 0x0000000800000000)
  region size 1024K, 195 young (199680K), 15 survivors (15360K)
 Metaspace       used 77108K, capacity 78624K, committed 78940K, reserved 1120256K
  class space    used 8235K, capacity 8871K, committed 8960K, reserved 1048576K
}

